<?xml version="1.0" encoding="UTF-8"?>
<testng-results skipped="0" failed="0" ignored="0" total="1" passed="1">
  <reporter-output>
  </reporter-output>
  <suite name="Default suite" duration-ms="3675" started-at="2021-05-24T13:13:14 IST" finished-at="2021-05-24T13:13:18 IST">
    <groups>
    </groups>
    <test name="Default test" duration-ms="3675" started-at="2021-05-24T13:13:14 IST" finished-at="2021-05-24T13:13:18 IST">
      <class name="com.mpokketassessment.test.GetListOfUsersTest">
        <test-method status="PASS" signature="getListofuserTest()[pri:0, instance:com.mpokketassessment.test.GetListOfUsersTest@1f554b06]" name="getListofuserTest" duration-ms="3609" started-at="2021-05-24T13:13:14 IST" finished-at="2021-05-24T13:13:18 IST">
          <reporter-output>
          </reporter-output>
        </test-method> <!-- getListofuserTest -->
      </class> <!-- com.mpokketassessment.test.GetListOfUsersTest -->
    </test> <!-- Default test -->
  </suite> <!-- Default suite -->
</testng-results>
